15:28:28.397 WARN  [File:UserController.java] [Func:uploadForm] [Line:171] [Message:red_dice.png]- red_dice.png
16:17:44.680 WARN  [File:UserController.java] [Func:uploadForm] [Line:179] [Message:c580dde8-9604-4715-93f9-4a6340c668ec-red_dice.png]- c580dde8-9604-4715-93f9-4a6340c668ec-red_dice.png
16:22:12.112 WARN  [File:UserController.java] [Func:uploadForm] [Line:182] [Message:ab3e8945-aa79-4bab-87dd-83152ae2bcef-red_dice.png]- ab3e8945-aa79-4bab-87dd-83152ae2bcef-red_dice.png
18:04:03.674 WARN  [File:UserController.java] [Func:downloadForm] [Line:210] [Message:~~~~~~~~~]- ~~~~~~~~~
18:04:18.857 WARN  [File:UserController.java] [Func:downloadForm] [Line:210] [Message:~~~~~~~~~]- ~~~~~~~~~
18:05:03.495 WARN  [File:UserController.java] [Func:downloadForm] [Line:210] [Message:~~~~~~~~~]- ~~~~~~~~~
18:05:06.492 WARN  [File:UserController.java] [Func:downloadForm] [Line:210] [Message:~~~~~~~~~]- ~~~~~~~~~
18:05:54.290 WARN  [File:UserService.java] [Func:downloadForm] [Line:164] [Message:~~~~~~~~~]- ~~~~~~~~~
18:06:44.486 WARN  [File:UserService.java] [Func:downloadForm] [Line:164] [Message:~~~~~~~~~]- ~~~~~~~~~
18:11:07.862 WARN  [File:UserService.java] [Func:downloadForm] [Line:164] [Message:~~~~~~~~~]- ~~~~~~~~~
18:11:14.091 WARN  [File:UserService.java] [Func:downloadForm] [Line:164] [Message:~~~~~~~~~]- ~~~~~~~~~
18:11:20.462 WARN  [File:UserService.java] [Func:downloadForm] [Line:164] [Message:~~~~~~~~~]- ~~~~~~~~~
18:12:09.072 WARN  [File:UserService.java] [Func:downloadForm] [Line:164] [Message:~~~~~~~~~]- ~~~~~~~~~
18:13:55.463 WARN  [File:UserService.java] [Func:downloadForm] [Line:164] [Message:~~~~~~~~~]- ~~~~~~~~~
18:13:55.463 WARN  [File:UserService.java] [Func:downloadForm] [Line:170] [Message:2493e15a-abbf-4b14-ae29-dd51e04a1b9d-red_dice.png]- 2493e15a-abbf-4b14-ae29-dd51e04a1b9d-red_dice.png
18:14:45.247 WARN  [File:UserService.java] [Func:downloadForm] [Line:164] [Message:~~~~~~~~~]- ~~~~~~~~~
18:14:45.248 WARN  [File:UserService.java] [Func:downloadForm] [Line:170] [Message:2493e15a-abbf-4b14-ae29-dd51e04a1b9d-red_dice.png]- 2493e15a-abbf-4b14-ae29-dd51e04a1b9d-red_dice.png
18:15:16.750 WARN  [File:UserService.java] [Func:downloadForm] [Line:164] [Message:~~~~~~~~~]- ~~~~~~~~~
18:15:16.751 WARN  [File:UserService.java] [Func:downloadForm] [Line:170] [Message:2493e15a-abbf-4b14-ae29-dd51e04a1b9d-red_dice.png]- 2493e15a-abbf-4b14-ae29-dd51e04a1b9d-red_dice.png
18:17:43.428 WARN  [File:UserService.java] [Func:downloadForm] [Line:164] [Message:~~~~~~~~~]- ~~~~~~~~~
18:17:43.430 WARN  [File:UserService.java] [Func:downloadForm] [Line:170] [Message:2493e15a-abbf-4b14-ae29-dd51e04a1b9d-red_dice.png]- 2493e15a-abbf-4b14-ae29-dd51e04a1b9d-red_dice.png
18:17:45.979 WARN  [File:UserService.java] [Func:downloadForm] [Line:164] [Message:~~~~~~~~~]- ~~~~~~~~~
18:17:45.982 WARN  [File:UserService.java] [Func:downloadForm] [Line:170] [Message:2493e15a-abbf-4b14-ae29-dd51e04a1b9d-red_dice.png]- 2493e15a-abbf-4b14-ae29-dd51e04a1b9d-red_dice.png
18:18:47.341 WARN  [File:UserService.java] [Func:downloadForm] [Line:164] [Message:~~~~~~~~~]- ~~~~~~~~~
18:18:47.343 WARN  [File:UserService.java] [Func:downloadForm] [Line:170] [Message:images2493e15a-abbf-4b14-ae29-dd51e04a1b9d-red_dice.png]- images2493e15a-abbf-4b14-ae29-dd51e04a1b9d-red_dice.png
18:19:26.832 WARN  [File:UserService.java] [Func:downloadForm] [Line:164] [Message:~~~~~~~~~]- ~~~~~~~~~
18:19:26.835 WARN  [File:UserService.java] [Func:downloadForm] [Line:170] [Message:images/2493e15a-abbf-4b14-ae29-dd51e04a1b9d-red_dice.png]- images/2493e15a-abbf-4b14-ae29-dd51e04a1b9d-red_dice.png
18:25:38.505 WARN  [File:UserService.java] [Func:downloadForm] [Line:164] [Message:~~~~~~~~~]- ~~~~~~~~~
18:25:38.506 WARN  [File:UserService.java] [Func:downloadForm] [Line:170] [Message:https://s3.ap-northeast-2.amazonaws.com/linkfolder-deploy/images/2493e15a-abbf-4b14-ae29-dd51e04a1b9d-red_dice.png]- https://s3.ap-northeast-2.amazonaws.com/linkfolder-deploy/images/2493e15a-abbf-4b14-ae29-dd51e04a1b9d-red_dice.png
18:27:35.530 WARN  [File:UserService.java] [Func:downloadForm] [Line:164] [Message:~~~~~~~~~]- ~~~~~~~~~
18:27:35.534 WARN  [File:UserService.java] [Func:downloadForm] [Line:170] [Message:https://s3.ap-northeast-2.amazonaws.com/linkfolder-deploy/images/2493e15a-abbf-4b14-ae29-dd51e04a1b9d-red_dice.png]- https://s3.ap-northeast-2.amazonaws.com/linkfolder-deploy/images/2493e15a-abbf-4b14-ae29-dd51e04a1b9d-red_dice.png
18:32:23.553 WARN  [File:UserService.java] [Func:downloadForm] [Line:164] [Message:~~~~~~~~~]- ~~~~~~~~~
18:32:23.554 WARN  [File:UserService.java] [Func:downloadForm] [Line:170] [Message:https://s3.ap-northeast-2.amazonaws.com/linkfolder-deploy/images/2493e15a-abbf-4b14-ae29-dd51e04a1b9d-red_dice.png]- https://s3.ap-northeast-2.amazonaws.com/linkfolder-deploy/images/2493e15a-abbf-4b14-ae29-dd51e04a1b9d-red_dice.png
18:32:23.557 WARN  [File:UserService.java] [Func:downloadForm] [Line:176] [Message:!!!!!!!!!]- !!!!!!!!!
18:32:23.558 WARN  [File:UserService.java] [Func:downloadForm] [Line:181] [Message:~~~~~~~~~2]- ~~~~~~~~~2
18:32:23.564 WARN  [File:UserService.java] [Func:downloadForm] [Line:192] [Message:~~~~~~~~~3]- ~~~~~~~~~3
18:35:49.457 WARN  [File:UserService.java] [Func:downloadForm] [Line:164] [Message:~~~~~~~~~]- ~~~~~~~~~
18:35:49.459 WARN  [File:UserService.java] [Func:downloadForm] [Line:170] [Message:https://s3.ap-northeast-2.amazonaws.com/linkfolder-deploy/images/2493e15a-abbf-4b14-ae29-dd51e04a1b9d-red_dice.png]- https://s3.ap-northeast-2.amazonaws.com/linkfolder-deploy/images/2493e15a-abbf-4b14-ae29-dd51e04a1b9d-red_dice.png
18:38:36.647 WARN  [File:UserService.java] [Func:downloadForm] [Line:164] [Message:~~~~~~~~~]- ~~~~~~~~~
18:38:36.648 WARN  [File:UserService.java] [Func:downloadForm] [Line:170] [Message:https://s3.ap-northeast-2.amazonaws.com/linkfolder-deploy/images/2493e15a-abbf-4b14-ae29-dd51e04a1b9d-red_dice.png]- https://s3.ap-northeast-2.amazonaws.com/linkfolder-deploy/images/2493e15a-abbf-4b14-ae29-dd51e04a1b9d-red_dice.png
18:46:19.592 WARN  [File:UserService.java] [Func:downloadForm] [Line:165] [Message:~~~~~~~~~]- ~~~~~~~~~
18:46:19.593 WARN  [File:UserService.java] [Func:downloadForm] [Line:171] [Message:https://s3.ap-northeast-2.amazonaws.com/linkfolder-deploy/images/2493e15a-abbf-4b14-ae29-dd51e04a1b9d-red_dice.png]- https://s3.ap-northeast-2.amazonaws.com/linkfolder-deploy/images/2493e15a-abbf-4b14-ae29-dd51e04a1b9d-red_dice.png
18:50:10.270 WARN  [File:UserService.java] [Func:downloadForm] [Line:165] [Message:~~~~~~~~~]- ~~~~~~~~~
18:50:10.271 WARN  [File:UserService.java] [Func:downloadForm] [Line:171] [Message:https://s3.ap-northeast-2.amazonaws.com/linkfolder-deploy/images/2493e15a-abbf-4b14-ae29-dd51e04a1b9d-red_dice.png]- https://s3.ap-northeast-2.amazonaws.com/linkfolder-deploy/images/2493e15a-abbf-4b14-ae29-dd51e04a1b9d-red_dice.png
18:50:58.821 WARN  [File:UserService.java] [Func:downloadForm] [Line:165] [Message:~~~~~~~~~]- ~~~~~~~~~
18:50:58.823 WARN  [File:UserService.java] [Func:downloadForm] [Line:171] [Message:https://s3.ap-northeast-2.amazonaws.com/linkfolder-deploy/images/2493e15a-abbf-4b14-ae29-dd51e04a1b9d-red_dice.png]- https://s3.ap-northeast-2.amazonaws.com/linkfolder-deploy/images/2493e15a-abbf-4b14-ae29-dd51e04a1b9d-red_dice.png
18:51:35.342 WARN  [File:UserService.java] [Func:downloadForm] [Line:165] [Message:~~~~~~~~~]- ~~~~~~~~~
18:51:35.343 WARN  [File:UserService.java] [Func:downloadForm] [Line:171] [Message:https://s3.ap-northeast-2.amazonaws.com/linkfolder-deploy/images/2493e15a-abbf-4b14-ae29-dd51e04a1b9d-red_dice.png]- https://s3.ap-northeast-2.amazonaws.com/linkfolder-deploy/images/2493e15a-abbf-4b14-ae29-dd51e04a1b9d-red_dice.png
18:52:35.486 WARN  [File:UserService.java] [Func:downloadForm] [Line:165] [Message:~~~~~~~~~]- ~~~~~~~~~
18:52:35.487 WARN  [File:UserService.java] [Func:downloadForm] [Line:171] [Message:https://s3.ap-northeast-2.amazonaws.com/linkfolder-deploy/images/2493e15a-abbf-4b14-ae29-dd51e04a1b9d-red_dice.png]- https://s3.ap-northeast-2.amazonaws.com/linkfolder-deploy/images/2493e15a-abbf-4b14-ae29-dd51e04a1b9d-red_dice.png
18:52:35.957 WARN  [File:UserService.java] [Func:downloadForm] [Line:181] [Message:ASDADASDSDAS]- ASDADASDSDAS
18:52:35.989 WARN  [File:UserService.java] [Func:downloadForm] [Line:195] [Message:~~~~~~~~~3]- ~~~~~~~~~3
18:53:35.485 WARN  [File:UserService.java] [Func:downloadForm] [Line:165] [Message:~~~~~~~~~]- ~~~~~~~~~
18:53:35.487 WARN  [File:UserService.java] [Func:downloadForm] [Line:171] [Message:images/2493e15a-abbf-4b14-ae29-dd51e04a1b9d-red_dice.png]- images/2493e15a-abbf-4b14-ae29-dd51e04a1b9d-red_dice.png
18:53:35.943 WARN  [File:UserService.java] [Func:downloadForm] [Line:181] [Message:ASDADASDSDAS]- ASDADASDSDAS
18:53:35.992 WARN  [File:UserService.java] [Func:downloadForm] [Line:195] [Message:~~~~~~~~~3]- ~~~~~~~~~3
19:13:19.070 WARN  [File:UserService.java] [Func:downloadForm] [Line:165] [Message:~~~~~~~~~]- ~~~~~~~~~
19:13:19.071 WARN  [File:UserService.java] [Func:downloadForm] [Line:171] [Message:images/2493e15a-abbf-4b14-ae29-dd51e04a1b9d-red_dice.png]- images/2493e15a-abbf-4b14-ae29-dd51e04a1b9d-red_dice.png
19:13:19.745 WARN  [File:UserService.java] [Func:downloadForm] [Line:194] [Message:~~~~~~~~~3]- ~~~~~~~~~3
19:20:12.852 WARN  [File:UserService.java] [Func:downloadForm] [Line:165] [Message:~~~~~~~~~]- ~~~~~~~~~
19:20:12.865 WARN  [File:UserService.java] [Func:downloadForm] [Line:171] [Message:images/2493e15a-abbf-4b14-ae29-dd51e04a1b9d-red_dice.png]- images/2493e15a-abbf-4b14-ae29-dd51e04a1b9d-red_dice.png
19:34:08.880 WARN  [File:UserService.java] [Func:downloadForm] [Line:165] [Message:~~~~~~~~~]- ~~~~~~~~~
19:34:08.882 WARN  [File:UserService.java] [Func:downloadForm] [Line:171] [Message:images/493e8d8e-137b-46d5-9ea6-0a48defc82c6-KakaoTalk_20221124_192344448.jpg]- images/493e8d8e-137b-46d5-9ea6-0a48defc82c6-KakaoTalk_20221124_192344448.jpg
19:35:07.493 WARN  [File:UserService.java] [Func:downloadForm] [Line:165] [Message:~~~~~~~~~]- ~~~~~~~~~
19:35:07.497 WARN  [File:UserService.java] [Func:downloadForm] [Line:171] [Message:images/553a6539-3f40-46d7-b11d-f5e07b7e17f0-red_dice.png]- images/553a6539-3f40-46d7-b11d-f5e07b7e17f0-red_dice.png
